....................................................................     [100%]
================================ tests coverage ================================
_______________ coverage: platform darwin, python 3.13.7-final-0 _______________

Name                                       Stmts   Miss  Cover   Missing
------------------------------------------------------------------------
module_4/src/app.py                          147      0   100%
module_4/src/load_data.py                     71      0   100%
module_4/src/module_2/clean.py                45      0   100%
module_4/src/module_2/llm_hosting/app.py     169      0   100%
module_4/src/module_2/scrape.py              136      0   100%
module_4/src/query_data.py                    53      0   100%
------------------------------------------------------------------------
TOTAL                                        621      0   100%
Required test coverage of 100% reached. Total coverage: 100.00%
68 passed, 4 warnings in 411.33s (0:06:51)
